<?xml version="1.0" encoding="UTF-8"?>
<!-- Generated by org.testng.reporters.JUnitReportReporter -->
<testsuite skipped="0" hostname="DESKTOP-D1NECJQ" name="org.rerun.A" tests="3" failures="0" timestamp="20 Dec 2022 14:28:25 GMT" time="90.998" errors="0">
  <testcase name="testA2" time="90.970" classname="org.rerun.A"/>
  <testcase name="testA3" time="0.004" classname="org.rerun.A"/>
  <testcase name="testA1" time="0.024" classname="org.rerun.A"/>
</testsuite> <!-- org.rerun.A -->
