<?xml version="1.0" encoding="UTF-8"?>
<!-- Generated by org.testng.reporters.JUnitReportReporter -->
<testsuite skipped="0" hostname="DESKTOP-D1NECJQ" name="org.test.TaskManoj" tests="1" failures="0" timestamp="16 Nov 2022 13:46:25 GMT" time="28.741" errors="0">
  <testcase name="Test1" time="28.741" classname="org.test.TaskManoj"/>
</testsuite> <!-- org.test.TaskManoj -->
