<?xml version="1.0" encoding="UTF-8"?>
<!-- Generated by org.testng.reporters.JUnitReportReporter -->
<testsuite skipped="0" hostname="DESKTOP-D1NECJQ" name="org.test.Gmail" tests="1" failures="0" timestamp="29 Sep 2022 07:05:22 GMT" time="4.987" errors="0">
  <testcase name="Test" time="4.987" classname="org.test.Gmail"/>
</testsuite> <!-- org.test.Gmail -->
