<?xml version="1.0" encoding="UTF-8"?>
<!-- Generated by org.testng.reporters.JUnitReportReporter -->
<testsuite skipped="0" hostname="DESKTOP-D1NECJQ" name="org.test.Parametersss" tests="6" failures="0" timestamp="23 Aug 2022 17:55:01 GMT" time="0.059" errors="0">
  <testcase name="testA2" time="0.010" classname="org.test.Parametersss"/>
  <testcase name="testA3" time="0.003" classname="org.test.Parametersss"/>
  <testcase name="testA2" time="0.005" classname="org.test.Parametersss"/>
  <testcase name="testA1" time="0.006" classname="org.test.Parametersss"/>
  <testcase name="testA1" time="0.031" classname="org.test.Parametersss"/>
  <testcase name="testA3" time="0.004" classname="org.test.Parametersss"/>
</testsuite> <!-- org.test.Parametersss -->
