<?xml version="1.0" encoding="UTF-8"?>
<!-- Generated by org.testng.reporters.JUnitReportReporter -->
<testsuite skipped="0" hostname="DESKTOP-D1NECJQ" name="org.test.dataproviderrr.A" tests="7" failures="0" timestamp="19 Aug 2022 11:05:52 GMT" time="0.102" errors="0">
  <testcase name="testA1" time="0.031" classname="org.test.dataproviderrr.A"/>
  <testcase name="testA3" time="0.011" classname="org.test.dataproviderrr.A"/>
  <testcase name="testA3" time="0.014" classname="org.test.dataproviderrr.A"/>
  <testcase name="testA3" time="0.009" classname="org.test.dataproviderrr.A"/>
  <testcase name="testA2" time="0.011" classname="org.test.dataproviderrr.A"/>
  <testcase name="testA3" time="0.004" classname="org.test.dataproviderrr.A"/>
  <testcase name="testA2" time="0.022" classname="org.test.dataproviderrr.A"/>
</testsuite> <!-- org.test.dataproviderrr.A -->
