<?xml version="1.0" encoding="UTF-8"?>
<!-- Generated by org.testng.reporters.JUnitReportReporter -->
<testsuite skipped="1" hostname="DESKTOP-D1NECJQ" name="org.test.B" tests="3" failures="0" timestamp="16 Aug 2022 13:25:43 GMT" time="0.013" errors="0">
  <testcase name="testB2" time="0.007" classname="org.test.B"/>
  <testcase name="testB1" time="0.006" classname="org.test.B"/>
  <testcase name="testB3" classname="org.test.B">
    <skipped/>
  </testcase> <!-- testB3 -->
</testsuite> <!-- org.test.B -->
