<?xml version="1.0" encoding="UTF-8"?>
<!-- Generated by org.testng.reporters.JUnitReportReporter -->
<testsuite skipped="0" hostname="DESKTOP-D1NECJQ" name="org.test.parall.A" tests="3" failures="0" timestamp="24 Aug 2022 04:33:58 GMT" time="0.140" errors="0">
  <testcase name="testA1" time="0.046" classname="org.test.parall.A"/>
  <testcase name="testA3" time="0.047" classname="org.test.parall.A"/>
  <testcase name="testA2" time="0.047" classname="org.test.parall.A"/>
</testsuite> <!-- org.test.parall.A -->
