<?xml version="1.0" encoding="UTF-8"?>
<!-- Generated by org.testng.reporters.JUnitReportReporter -->
<testsuite skipped="0" hostname="DESKTOP-D1NECJQ" name="org.test.parall.B" tests="6" failures="0" timestamp="24 Aug 2022 04:33:58 GMT" time="0.091" errors="0">
  <testcase name="testB1" time="0.047" classname="org.test.parall.B"/>
  <testcase name="testB2" time="0.003" classname="org.test.parall.B"/>
  <testcase name="testB3" time="0.004" classname="org.test.parall.B"/>
  <testcase name="testB3" time="0.007" classname="org.test.parall.B"/>
  <testcase name="testB1" time="0.020" classname="org.test.parall.B"/>
  <testcase name="testB2" time="0.010" classname="org.test.parall.B"/>
</testsuite> <!-- org.test.parall.B -->
