<?xml version="1.0" encoding="UTF-8"?>
<!-- Generated by org.testng.reporters.JUnitReportReporter -->
<testsuite skipped="0" hostname="DESKTOP-D1NECJQ" name="org.rerun.B" tests="3" failures="0" timestamp="20 Dec 2022 14:29:56 GMT" time="0.039" errors="0">
  <testcase name="testB3" time="0.005" classname="org.rerun.B"/>
  <testcase name="testB1" time="0.030" classname="org.rerun.B"/>
  <testcase name="testB2" time="0.004" classname="org.rerun.B"/>
</testsuite> <!-- org.rerun.B -->
