<?xml version="1.0" encoding="UTF-8"?>
<!-- Generated by org.testng.reporters.JUnitReportReporter -->
<testsuite skipped="1" hostname="DESKTOP-D1NECJQ" name="org.test.dataproviderrr.Sample" tests="3" failures="0" timestamp="19 Aug 2022 10:59:08 GMT" time="26.920" errors="0">
  <testcase name="test3" time="7.172" classname="org.test.dataproviderrr.Sample"/>
  <testcase name="test3" time="19.748" classname="org.test.dataproviderrr.Sample"/>
  <testcase name="test1" classname="org.test.dataproviderrr.Sample">
    <skipped/>
  </testcase> <!-- test1 -->
</testsuite> <!-- org.test.dataproviderrr.Sample -->
