<?xml version="1.0" encoding="UTF-8"?>
<!-- Generated by org.testng.reporters.JUnitReportReporter -->
<testsuite skipped="0" hostname="DESKTOP-D1NECJQ" name="org.test.groupss.A" tests="5" failures="0" timestamp="01 Sep 2022 07:02:10 GMT" time="0.053" errors="0">
  <testcase name="testA6" time="0.005" classname="org.test.groupss.A"/>
  <testcase name="testA9" time="0.003" classname="org.test.groupss.A"/>
  <testcase name="testA3" time="0.009" classname="org.test.groupss.A"/>
  <testcase name="testA2" time="0.031" classname="org.test.groupss.A"/>
  <testcase name="testA7" time="0.005" classname="org.test.groupss.A"/>
</testsuite> <!-- org.test.groupss.A -->
