<?xml version="1.0" encoding="UTF-8"?>
<!-- Generated by org.testng.reporters.JUnitReportReporter -->
<testsuite skipped="0" hostname="DESKTOP-D1NECJQ" name="org.test.parall.C" tests="3" failures="0" timestamp="24 Aug 2022 04:33:58 GMT" time="0.061" errors="0">
  <testcase name="testC2" time="0.010" classname="org.test.parall.C"/>
  <testcase name="testC3" time="0.004" classname="org.test.parall.C"/>
  <testcase name="testC1" time="0.047" classname="org.test.parall.C"/>
</testsuite> <!-- org.test.parall.C -->
