<?xml version="1.0" encoding="UTF-8"?>
<!-- Generated by org.testng.reporters.JUnitReportReporter -->
<testsuite skipped="0" hostname="DESKTOP-D1NECJQ" name="org.interview.InterviewQuestiond" tests="2" failures="0" timestamp="26 Aug 2022 05:27:42 GMT" time="0.030" errors="0">
  <testcase name="test" time="0.004" classname="org.interview.InterviewQuestiond"/>
  <testcase name="test" time="0.026" classname="org.interview.InterviewQuestiond"/>
</testsuite> <!-- org.interview.InterviewQuestiond -->
